============================= test session starts ==============================
platform linux -- Python 3.12.3, pytest-7.4.4, pluggy-1.4.0 -- /usr/bin/python3
cachedir: .pytest_cache
rootdir: /home/cha/Documents/honeypot
configfile: pytest.ini
plugins: ament-xmllint-0.17.5, ament-flake8-0.17.5, launch-testing-ros-0.26.11, launch-testing-3.4.10, ament-lint-0.17.5, ament-copyright-0.17.5, ament-pep257-0.17.5, anyio-4.12.1, cov-4.1.0, colcon-core-0.20.1, typeguard-4.1.5
collecting ... collected 6 items

plugins/hwpx-generator/skills/hwpx-core/tests/test_slot_filler.py::test_fill_single_slot_validates PASSED [ 16%]
plugins/hwpx-generator/skills/hwpx-core/tests/test_slot_filler.py::test_fill_only_target_cell PASSED [ 33%]
plugins/hwpx-generator/skills/hwpx-core/tests/test_slot_filler.py::test_uniqueness_form_edge PASSED [ 50%]
plugins/hwpx-generator/skills/hwpx-core/tests/test_slot_filler.py::test_unresolved_slot_reported PASSED [ 66%]
plugins/hwpx-generator/skills/hwpx-core/tests/test_slot_filler.py::test_multirun_fill PASSED [ 83%]
plugins/hwpx-generator/skills/hwpx-core/tests/test_slot_filler.py::test_invariants PASSED [100%]

============================== 6 passed in 0.05s ===============================
